<?xml version="1.0" encoding="UTF-8"?>
<!-- Generated by org.testng.reporters.JUnitReportReporter -->
<testsuite hostname="Tali-PC" failures="0" tests="2" name="tests.ClosetSizesFieldsTest" time="51.366" errors="0" timestamp="2022-08-03T19:55:56 IDT" skipped="0">
  <testcase classname="tests.ClosetSizesFieldsTest" name="tc01_SizesFieldsTest" time="42.809"/>
  <system-out/>
  <testcase classname="tests.ClosetSizesFieldsTest" name="tc02_SizesFieldsTest" time="8.557"/>
  <system-out/>
</testsuite> <!-- tests.ClosetSizesFieldsTest -->
