<?xml version="1.0" encoding="UTF-8"?>
<!-- Generated by org.testng.reporters.JUnitReportReporter -->
<testsuite hostname="Tali-PC" failures="0" tests="1" name="tests.OrderingAClosetTest" time="70.143" errors="0" timestamp="2022-08-07T16:54:35 IDT" skipped="0">
  <testcase classname="tests.OrderingAClosetTest" name="tc01_OrderingAClosetTest" time="70.143"/>
  <system-out/>
</testsuite> <!-- tests.OrderingAClosetTest -->
