<?xml version="1.0" encoding="UTF-8"?>
<!-- Generated by org.testng.reporters.JUnitReportReporter -->
<testsuite hostname="Tali-PC" failures="0" tests="2" name="tests.ClosetSizesFieldsTest" time="50.428" errors="0" timestamp="2022-08-07T16:56:48 IDT" skipped="0">
  <testcase classname="tests.ClosetSizesFieldsTest" name="tc02_SizesFieldsTest" time="8.557"/>
  <system-out/>
  <testcase classname="tests.ClosetSizesFieldsTest" name="tc01_SizesFieldsTest" time="41.871"/>
  <system-out/>
</testsuite> <!-- tests.ClosetSizesFieldsTest -->
