<?xml version="1.0" encoding="UTF-8"?>
<!-- Generated by org.testng.reporters.JUnitReportReporter -->
<testsuite hostname="Tali-PC" failures="0" tests="1" name="tests.OrderingAClosetTest" time="70.702" errors="0" timestamp="2022-08-03T19:45:03 IDT" skipped="0">
  <testcase classname="tests.OrderingAClosetTest" name="tc01_OrderingAClosetTest" time="70.702"/>
  <system-out/>
</testsuite> <!-- tests.OrderingAClosetTest -->
