<?xml version="1.0" encoding="UTF-8"?>
<!-- Generated by org.testng.reporters.JUnitReportReporter -->
<testsuite hostname="Tali-PC" failures="0" tests="2" name="tests.ClosetSizesFieldsTest" time="53.585" errors="0" timestamp="2022-07-23T20:57:01 IDT" skipped="0">
  <testcase classname="tests.ClosetSizesFieldsTest" name="tc01_SizesFieldsTest" time="45.025"/>
  <system-out/>
  <testcase classname="tests.ClosetSizesFieldsTest" name="tc02_SizesFieldsTest" time="8.560"/>
  <system-out/>
</testsuite> <!-- tests.ClosetSizesFieldsTest -->
