<?xml version="1.0" encoding="UTF-8"?>
<!-- Generated by org.testng.reporters.JUnitReportReporter -->
<testsuite hostname="Tali-PC" failures="0" tests="1" name="tests.SearchingATemplateTest" time="8.425" errors="0" timestamp="2022-07-22T20:47:27 IDT" skipped="0">
  <testcase classname="tests.SearchingATemplateTest" name="tc01_searchTest" time="8.425"/>
  <system-out/>
</testsuite> <!-- tests.SearchingATemplateTest -->
