<?xml version="1.0" encoding="UTF-8"?>
<!-- Generated by org.testng.reporters.JUnitReportReporter -->
<testsuite hostname="Tali-PC" failures="0" tests="1" name="tests.SearchingATemplateTest" time="7.990" errors="0" timestamp="2022-08-03T19:43:13 IDT" skipped="0">
  <testcase classname="tests.SearchingATemplateTest" name="tc01_searchTest" time="7.990"/>
  <system-out/>
</testsuite> <!-- tests.SearchingATemplateTest -->
