<?xml version="1.0" encoding="UTF-8"?>
<!-- Generated by org.testng.reporters.JUnitReportReporter -->
<testsuite hostname="Tali-PC" failures="0" tests="5" name="tests.LoginFailedTest" time="10.248" errors="0" timestamp="2022-07-22T20:41:51 IDT" skipped="0">
  <testcase classname="tests.LoginFailedTest" name="tc01_loginFaliure" time="2.969"/>
  <system-out/>
  <testcase classname="tests.LoginFailedTest" name="tc02_loginFaliurer" time="1.762"/>
  <system-out/>
  <testcase classname="tests.LoginFailedTest" name="tc03_loginFailed" time="1.640"/>
  <system-out/>
  <testcase classname="tests.LoginFailedTest" name="tc02_loginFaliurer" time="1.633"/>
  <system-out/>
  <testcase classname="tests.LoginFailedTest" name="tc01_loginFaliure" time="2.244"/>
  <system-out/>
</testsuite> <!-- tests.LoginFailedTest -->
