<?xml version="1.0" encoding="UTF-8"?>
<!-- Generated by org.testng.reporters.JUnitReportReporter -->
<testsuite hostname="Tali-PC" failures="0" tests="5" name="tests.LoginFailedTest" time="9.972" errors="0" timestamp="2022-08-03T19:52:59 IDT" skipped="0">
  <testcase classname="tests.LoginFailedTest" name="tc01_loginFaliure" time="2.402"/>
  <system-out/>
  <testcase classname="tests.LoginFailedTest" name="tc02_loginFaliurer" time="1.686"/>
  <system-out/>
  <testcase classname="tests.LoginFailedTest" name="tc01_loginFaliure" time="2.664"/>
  <system-out/>
  <testcase classname="tests.LoginFailedTest" name="tc03_loginFailed" time="1.662"/>
  <system-out/>
  <testcase classname="tests.LoginFailedTest" name="tc02_loginFaliurer" time="1.558"/>
  <system-out/>
</testsuite> <!-- tests.LoginFailedTest -->
