<?xml version="1.0" encoding="UTF-8"?>
<!-- Generated by org.testng.reporters.JUnitReportReporter -->
<testsuite hostname="Tali-PC" failures="0" tests="1" name="tests.SearchingATemplateTest" time="8.087" errors="0" timestamp="2022-08-07T16:55:22 IDT" skipped="0">
  <testcase classname="tests.SearchingATemplateTest" name="tc01_searchTest" time="8.087"/>
  <system-out/>
</testsuite> <!-- tests.SearchingATemplateTest -->
