<?xml version="1.0" encoding="UTF-8"?>
<!-- Generated by org.testng.reporters.JUnitReportReporter -->
<testsuite skipped="0" hostname="Tali-PC" name="tests.SearchingATemplateTest" tests="1" failures="0" timestamp="2022-08-03T19:51:37 IDT" time="7.844" errors="0">
  <testcase name="tc01_searchTest" time="7.844" classname="tests.SearchingATemplateTest"/>
  <system-out/>
</testsuite> <!-- tests.SearchingATemplateTest -->
