<?xml version="1.0" encoding="UTF-8"?>
<!-- Generated by org.testng.reporters.JUnitReportReporter -->
<testsuite skipped="0" hostname="Tali-PC" name="tests.ClosetSizesFieldsTest" tests="2" failures="0" timestamp="2022-08-03T19:51:37 IDT" time="51.234" errors="0">
  <testcase name="tc02_SizesFieldsTest" time="8.506" classname="tests.ClosetSizesFieldsTest"/>
  <system-out/>
  <testcase name="tc01_SizesFieldsTest" time="42.728" classname="tests.ClosetSizesFieldsTest"/>
  <system-out/>
</testsuite> <!-- tests.ClosetSizesFieldsTest -->
