<?xml version="1.0" encoding="UTF-8"?>
<!-- Generated by org.testng.reporters.JUnitReportReporter -->
<testsuite skipped="0" hostname="Tali-PC" name="tests.LoginFailedTest" tests="5" failures="0" timestamp="2022-07-23T20:30:43 IDT" time="9.887" errors="0">
  <testcase name="tc02_loginFaliurer" time="1.765" classname="tests.LoginFailedTest"/>
  <system-out/>
  <testcase name="tc03_loginFailed" time="1.582" classname="tests.LoginFailedTest"/>
  <system-out/>
  <testcase name="tc01_loginFaliure" time="2.696" classname="tests.LoginFailedTest"/>
  <system-out/>
  <testcase name="tc02_loginFaliurer" time="1.604" classname="tests.LoginFailedTest"/>
  <system-out/>
  <testcase name="tc01_loginFaliure" time="2.240" classname="tests.LoginFailedTest"/>
  <system-out/>
</testsuite> <!-- tests.LoginFailedTest -->
