<?xml version="1.0" encoding="UTF-8"?>
<!-- Generated by org.testng.reporters.JUnitReportReporter -->
<testsuite skipped="0" hostname="Tali-PC" name="tests.OrderingAClosetTest" tests="1" failures="0" timestamp="2022-08-03T19:51:37 IDT" time="70.054" errors="0">
  <testcase name="tc01_OrderingAClosetTest" time="70.054" classname="tests.OrderingAClosetTest"/>
  <system-out/>
</testsuite> <!-- tests.OrderingAClosetTest -->
