<?xml version="1.0" encoding="UTF-8"?>
<!-- Generated by org.testng.reporters.JUnitReportReporter -->
<testsuite skipped="0" hostname="Tali-PC" name="tests.LoginFailedTest" tests="5" failures="0" timestamp="2022-08-03T19:51:37 IDT" time="10.093" errors="0">
  <testcase name="tc02_loginFaliurer" time="1.664" classname="tests.LoginFailedTest"/>
  <system-out/>
  <testcase name="tc01_loginFaliure" time="2.328" classname="tests.LoginFailedTest"/>
  <system-out/>
  <testcase name="tc01_loginFaliure" time="2.859" classname="tests.LoginFailedTest"/>
  <system-out/>
  <testcase name="tc02_loginFaliurer" time="1.629" classname="tests.LoginFailedTest"/>
  <system-out/>
  <testcase name="tc03_loginFailed" time="1.613" classname="tests.LoginFailedTest"/>
  <system-out/>
</testsuite> <!-- tests.LoginFailedTest -->
